{
  "RSpec": {
    "coverage": {
      "/Users/drewproebstel/turing/rmodule/rails-engine/app/mailers/application_mailer.rb": {
        "lines": [
          0,
          0,
          0,
          0
        ],
        "branches": {
        }
      },
      "/Users/drewproebstel/turing/rmodule/rails-engine/app/models/application_record.rb": {
        "lines": [
          0,
          0,
          0
        ],
        "branches": {
        }
      },
      "/Users/drewproebstel/turing/rmodule/rails-engine/app/models/merchant.rb": {
        "lines": [
          0,
          0
        ],
        "branches": {
        }
      },
      "/Users/drewproebstel/turing/rmodule/rails-engine/app/serializers/merchant_serializer.rb": {
        "lines": [
          0,
          0,
          0,
          0
        ],
        "branches": {
        }
      },
      "/Users/drewproebstel/turing/rmodule/rails-engine/app/jobs/application_job.rb": {
        "lines": [
          0,
          0
        ],
        "branches": {
        }
      },
      "/Users/drewproebstel/turing/rmodule/rails-engine/app/controllers/application_controller.rb": {
        "lines": [
          0,
          0
        ],
        "branches": {
        }
      },
      "/Users/drewproebstel/turing/rmodule/rails-engine/app/controllers/api/v1/merchants_controller.rb": {
        "lines": [
          0,
          null,
          0,
          0,
          0,
          0
        ],
        "branches": {
        }
      },
      "/Users/drewproebstel/turing/rmodule/rails-engine/app/channels/application_cable/connection.rb": {
        "lines": [
          0,
          0,
          0,
          0
        ],
        "branches": {
        }
      },
      "/Users/drewproebstel/turing/rmodule/rails-engine/app/channels/application_cable/channel.rb": {
        "lines": [
          0,
          0,
          0,
          0
        ],
        "branches": {
        }
      }
    },
    "timestamp": 1657681919
  }
}
